Построение начато 23.04.2012 5:28:40.
     1>Проект "C:\ДИСК\Новая папка\Menushen-ka\Menu spiski+rab\Menu spiski+rab\Menu spiski+rab.vcxproj" в узле 2 (целевые объекты build).
     1>InitializeBuildStatus:
         Создание "Debug\Menu spiski+rab.unsuccessfulbuild", так как было задано "AlwaysCreate".
       ClCompile:
         Для всех выходных данных обновления не требуется.
         c:\Program Files (x86)\Microsoft Visual Studio 10.0\VC\bin\CL.exe /c /ZI /nologo /W3 /WX- /Od /Oy- /D WIN32 /D _DEBUG /D _CONSOLE /D _UNICODE /D UNICODE /Gm /EHsc /RTC1 /MDd /GS /fp:precise /Zc:wchar_t /Zc:forScope /Yu"StdAfx.h" /Fp"Debug\Menu spiski+rab.pch" /Fo"Debug\\" /Fd"Debug\vc100.pdb" /Gd /TP /analyze- /errorReport:prompt "Menu spiski+rab.cpp"
         Menu spiski+rab.cpp
     1>c:\диск\новая папка\menushen-ka\menu spiski+rab\menu spiski+rab\menu spiski+rab.cpp(208): warning C4996: 'getch': The POSIX name for this item is deprecated. Instead, use the ISO C++ conformant name: _getch. See online help for details.
                 c:\program files (x86)\microsoft visual studio 10.0\vc\include\conio.h(128): см. объявление "getch"
     1>c:\диск\новая папка\menushen-ka\menu spiski+rab\menu spiski+rab\menu spiski+rab.cpp(233): warning C4996: 'getch': The POSIX name for this item is deprecated. Instead, use the ISO C++ conformant name: _getch. See online help for details.
                 c:\program files (x86)\microsoft visual studio 10.0\vc\include\conio.h(128): см. объявление "getch"
     1>c:\диск\новая папка\menushen-ka\menu spiski+rab\menu spiski+rab\menu spiski+rab.cpp(293): warning C4996: 'getch': The POSIX name for this item is deprecated. Instead, use the ISO C++ conformant name: _getch. See online help for details.
                 c:\program files (x86)\microsoft visual studio 10.0\vc\include\conio.h(128): см. объявление "getch"
     1>c:\диск\новая папка\menushen-ka\menu spiski+rab\menu spiski+rab\menu spiski+rab.cpp(364): warning C4996: 'getch': The POSIX name for this item is deprecated. Instead, use the ISO C++ conformant name: _getch. See online help for details.
                 c:\program files (x86)\microsoft visual studio 10.0\vc\include\conio.h(128): см. объявление "getch"
     1>c:\диск\новая папка\menushen-ka\menu spiski+rab\menu spiski+rab\menu spiski+rab.cpp(394): warning C4996: 'getch': The POSIX name for this item is deprecated. Instead, use the ISO C++ conformant name: _getch. See online help for details.
                 c:\program files (x86)\microsoft visual studio 10.0\vc\include\conio.h(128): см. объявление "getch"
     1>c:\диск\новая папка\menushen-ka\menu spiski+rab\menu spiski+rab\menu spiski+rab.cpp(429): warning C4996: 'getch': The POSIX name for this item is deprecated. Instead, use the ISO C++ conformant name: _getch. See online help for details.
                 c:\program files (x86)\microsoft visual studio 10.0\vc\include\conio.h(128): см. объявление "getch"
     1>c:\диск\новая папка\menushen-ka\menu spiski+rab\menu spiski+rab\menu spiski+rab.cpp(464): warning C4996: 'getch': The POSIX name for this item is deprecated. Instead, use the ISO C++ conformant name: _getch. See online help for details.
                 c:\program files (x86)\microsoft visual studio 10.0\vc\include\conio.h(128): см. объявление "getch"
     1>c:\диск\новая папка\menushen-ka\menu spiski+rab\menu spiski+rab\menu spiski+rab.cpp(471): warning C4996: 'getch': The POSIX name for this item is deprecated. Instead, use the ISO C++ conformant name: _getch. See online help for details.
                 c:\program files (x86)\microsoft visual studio 10.0\vc\include\conio.h(128): см. объявление "getch"
     1>c:\диск\новая папка\menushen-ka\menu spiski+rab\menu spiski+rab\menu spiski+rab.cpp(511): warning C4996: 'getch': The POSIX name for this item is deprecated. Instead, use the ISO C++ conformant name: _getch. See online help for details.
                 c:\program files (x86)\microsoft visual studio 10.0\vc\include\conio.h(128): см. объявление "getch"
     1>c:\диск\новая папка\menushen-ka\menu spiski+rab\menu spiski+rab\menu spiski+rab.cpp(537): warning C4996: 'getch': The POSIX name for this item is deprecated. Instead, use the ISO C++ conformant name: _getch. See online help for details.
                 c:\program files (x86)\microsoft visual studio 10.0\vc\include\conio.h(128): см. объявление "getch"
     1>c:\диск\новая папка\menushen-ka\menu spiski+rab\menu spiski+rab\menu spiski+rab.cpp(544): warning C4996: 'getch': The POSIX name for this item is deprecated. Instead, use the ISO C++ conformant name: _getch. See online help for details.
                 c:\program files (x86)\microsoft visual studio 10.0\vc\include\conio.h(128): см. объявление "getch"
     1>c:\диск\новая папка\menushen-ka\menu spiski+rab\menu spiski+rab\menu spiski+rab.cpp(552): warning C4996: 'getch': The POSIX name for this item is deprecated. Instead, use the ISO C++ conformant name: _getch. See online help for details.
                 c:\program files (x86)\microsoft visual studio 10.0\vc\include\conio.h(128): см. объявление "getch"
     1>c:\диск\новая папка\menushen-ka\menu spiski+rab\menu spiski+rab\menu spiski+rab.cpp(582): warning C4996: 'getch': The POSIX name for this item is deprecated. Instead, use the ISO C++ conformant name: _getch. See online help for details.
                 c:\program files (x86)\microsoft visual studio 10.0\vc\include\conio.h(128): см. объявление "getch"
     1>c:\диск\новая папка\menushen-ka\menu spiski+rab\menu spiski+rab\menu spiski+rab.cpp(607): warning C4996: 'getch': The POSIX name for this item is deprecated. Instead, use the ISO C++ conformant name: _getch. See online help for details.
                 c:\program files (x86)\microsoft visual studio 10.0\vc\include\conio.h(128): см. объявление "getch"
     1>c:\диск\новая папка\menushen-ka\menu spiski+rab\menu spiski+rab\menu spiski+rab.cpp(614): warning C4996: 'getch': The POSIX name for this item is deprecated. Instead, use the ISO C++ conformant name: _getch. See online help for details.
                 c:\program files (x86)\microsoft visual studio 10.0\vc\include\conio.h(128): см. объявление "getch"
     1>c:\диск\новая папка\menushen-ka\menu spiski+rab\menu spiski+rab\menu spiski+rab.cpp(647): warning C4996: 'getch': The POSIX name for this item is deprecated. Instead, use the ISO C++ conformant name: _getch. See online help for details.
                 c:\program files (x86)\microsoft visual studio 10.0\vc\include\conio.h(128): см. объявление "getch"
     1>c:\диск\новая папка\menushen-ka\menu spiski+rab\menu spiski+rab\menu spiski+rab.cpp(714): warning C4996: 'getch': The POSIX name for this item is deprecated. Instead, use the ISO C++ conformant name: _getch. See online help for details.
                 c:\program files (x86)\microsoft visual studio 10.0\vc\include\conio.h(128): см. объявление "getch"
     1>c:\диск\новая папка\menushen-ka\menu spiski+rab\menu spiski+rab\menu spiski+rab.cpp(351): warning C4102: m2: неиспользованная метка
     1>c:\диск\новая папка\menushen-ka\menu spiski+rab\menu spiski+rab\menu spiski+rab.cpp(196): warning C4101: sure: неиспользованная локальная переменная
     1>c:\диск\новая папка\menushen-ka\menu spiski+rab\menu spiski+rab\menu spiski+rab.cpp(70): warning C4700: использована неинициализированная локальная переменная "nujniy_elem"
       ManifestResourceCompile:
         Для всех выходных данных обновления не требуется.
       Link:
         c:\Program Files (x86)\Microsoft Visual Studio 10.0\VC\bin\link.exe /ERRORREPORT:PROMPT /OUT:"C:\ДИСК\Новая папка\Menushen-ka\Menu spiski+rab\Debug\Menu spiski+rab.exe" /INCREMENTAL /NOLOGO kernel32.lib user32.lib gdi32.lib winspool.lib comdlg32.lib advapi32.lib shell32.lib ole32.lib oleaut32.lib uuid.lib odbc32.lib odbccp32.lib /MANIFEST /ManifestFile:"Debug\Menu spiski+rab.exe.intermediate.manifest" /MANIFESTUAC:"level='asInvoker' uiAccess='false'" /DEBUG /PDB:"C:\ДИСК\Новая папка\Menushen-ka\Menu spiski+rab\Debug\Menu spiski+rab.pdb" /SUBSYSTEM:CONSOLE /TLBID:1 /DYNAMICBASE /NXCOMPAT /IMPLIB:"C:\ДИСК\Новая папка\Menushen-ka\Menu spiski+rab\Debug\Menu spiski+rab.lib" /MACHINE:X86 "Debug\Menu spiski+rab.exe.embed.manifest.res"
         "Debug\Menu spiski+rab.obj"
         Debug\stdafx.obj
       Manifest:
         C:\Program Files (x86)\Microsoft SDKs\Windows\v7.0A\bin\mt.exe /nologo /verbose /out:"Debug\Menu spiski+rab.exe.embed.manifest" /manifest "Debug\Menu spiski+rab.exe.intermediate.manifest"
         Для всех выходных данных обновления не требуется.
       LinkEmbedManifest:
         Для всех выходных данных обновления не требуется.
         Menu spiski+rab.vcxproj -> C:\ДИСК\Новая папка\Menushen-ka\Menu spiski+rab\Debug\Menu spiski+rab.exe
       FinalizeBuildStatus:
         Файл "Debug\Menu spiski+rab.unsuccessfulbuild" удаляется.
         Обращение к "Debug\Menu spiski+rab.lastbuildstate".
     1>Построение проекта "C:\ДИСК\Новая папка\Menushen-ka\Menu spiski+rab\Menu spiski+rab\Menu spiski+rab.vcxproj" завершено (целевые объекты build).

Построение успешно завершено.

Затраченное время: 00:00:03.04
